<?xml version="1.0" encoding="UTF-8"?>
<!-- Generated by org.testng.reporters.JUnitReportReporter -->
<testsuite skipped="0" hostname="LAPTOP-A313QKMS-rajesh" name="com.mobiotics.hits.TESTCASES.Customer_ListCustomerPageTest" tests="1" failures="0" timestamp="30 Apr 2019 11:29:21 GMT" time="62.238" errors="0">
  <testcase name="testCustomer3_ListCustomerPAgeTest" time="62.238" classname="com.mobiotics.hits.TESTCASES.Customer_ListCustomerPageTest"/>
</testsuite> <!-- com.mobiotics.hits.TESTCASES.Customer_ListCustomerPageTest -->
