<?xml version="1.0" encoding="UTF-8"?>
<!-- Generated by org.testng.reporters.JUnitReportReporter -->
<testsuite skipped="0" hostname="DESKTOP-B0A316T" name="com.mobiotics.hits.TESTCASES.TC_Device_Suspension" tests="1" failures="0" timestamp="09 May 2019 11:49:03 GMT" time="65.564" errors="0">
  <testcase name="deviceSuspensionTestMethod" time="65.564" classname="com.mobiotics.hits.TESTCASES.TC_Device_Suspension"/>
</testsuite> <!-- com.mobiotics.hits.TESTCASES.TC_Device_Suspension -->
