<?xml version="1.0" encoding="UTF-8"?>
<!-- Generated by org.testng.reporters.JUnitReportReporter -->
<testsuite skipped="0" hostname="LAPTOP-A313QKMS-rajesh" name="com.mobiotics.hits.TESTCASES.Customer_createCustomerPageTest" tests="1" failures="0" timestamp="09 Apr 2019 04:44:18 GMT" time="55.407" errors="0">
  <testcase name="testCustomer_CreateCustomerPageTest" time="55.407" classname="com.mobiotics.hits.TESTCASES.Customer_createCustomerPageTest"/>
</testsuite> <!-- com.mobiotics.hits.TESTCASES.Customer_createCustomerPageTest -->
