<?xml version="1.0" encoding="UTF-8"?>
<!-- Generated by org.testng.reporters.JUnitReportReporter -->
<testsuite skipped="0" hostname="LAPTOP-A313QKMS-rajesh" name="com.mobiotics.hits.TESTCASES.Product_ProductReconnectPageTest" tests="1" failures="0" timestamp="22 Apr 2019 17:41:28 GMT" time="63.616" errors="0">
  <testcase name="testProduct_productReconnectPageTest" time="63.616" classname="com.mobiotics.hits.TESTCASES.Product_ProductReconnectPageTest"/>
</testsuite> <!-- com.mobiotics.hits.TESTCASES.Product_ProductReconnectPageTest -->
