<?xml version="1.0" encoding="UTF-8"?>
<!-- Generated by org.testng.reporters.JUnitReportReporter -->
<testsuite skipped="0" hostname="LAPTOP-A313QKMS-rajesh" name="com.mobiotics.hits.TESTCASES.Customer_SubscriberPageTest" tests="1" failures="0" timestamp="11 Apr 2019 13:28:02 GMT" time="17.679" errors="0">
  <testcase name="subscriberPage_Test" time="17.679" classname="com.mobiotics.hits.TESTCASES.Customer_SubscriberPageTest"/>
</testsuite> <!-- com.mobiotics.hits.TESTCASES.Customer_SubscriberPageTest -->
